<?xml version="1.0" encoding="UTF-8"?>
<testng-results ignored="0" total="1" passed="1" failed="0" skipped="0">
  <reporter-output>
  </reporter-output>
  <suite started-at="2024-08-20T12:55:38 IST" name="Default suite" finished-at="2024-08-20T12:55:40 IST" duration-ms="2413">
    <groups>
    </groups>
    <test started-at="2024-08-20T12:55:38 IST" name="Default test" finished-at="2024-08-20T12:55:40 IST" duration-ms="2413">
      <class name="types.of.parameter.ParamParameter2">
        <test-method signature="sampleTest()[pri:0, instance:types.of.parameter.ParamParameter2@61001b64]" started-at="2024-08-20T12:55:38 IST" name="sampleTest" finished-at="2024-08-20T12:55:40 IST" duration-ms="2334" status="PASS">
          <reporter-output>
          </reporter-output>
        </test-method> <!-- sampleTest -->
      </class> <!-- types.of.parameter.ParamParameter2 -->
    </test> <!-- Default test -->
  </suite> <!-- Default suite -->
</testng-results>
